<?xml version="1.0" encoding="UTF-8"?>
<!-- Generated by org.testng.reporters.JUnitReportReporter -->
<testsuite hostname="DESKTOP-R0QAPTP" failures="0" tests="1" name="com.acme.purcchaseorder.CreateNewPurchase" time="37.173" errors="0" timestamp="2021-09-11T23:31:10 IST" skipped="0">
  <testcase classname="com.acme.purcchaseorder.CreateNewPurchase" name="createnewpurchase" time="37.173"/>
  <system-out/>
</testsuite> <!-- com.acme.purcchaseorder.CreateNewPurchase -->
