<?xml version="1.0" encoding="UTF-8"?>
<!-- Generated by org.testng.reporters.JUnitReportReporter -->
<testsuite hostname="DESKTOP-R0QAPTP" failures="0" tests="1" name="com.acme.recepits.NewRecepit" time="9.923" errors="0" timestamp="2021-09-09T13:38:15 IST" skipped="0">
  <testcase classname="com.acme.recepits.NewRecepit" name="createnewrecepit" time="9.923"/>
  <system-out/>
</testsuite> <!-- com.acme.recepits.NewRecepit -->
