<?xml version="1.0" encoding="UTF-8"?>
<!-- Generated by org.testng.reporters.JUnitReportReporter -->
<testsuite hostname="DESKTOP-R0QAPTP" failures="0" tests="1" name="com.acme.sources.CreateNewLead" time="14.806" errors="0" timestamp="2021-09-09T13:02:24 IST" skipped="0">
  <testcase classname="com.acme.sources.CreateNewLead" name="createnewlead" time="14.806"/>
  <system-out>
    <![CDATA[createnewleadstarted
createnewlead passed]]>
  </system-out>
</testsuite> <!-- com.acme.sources.CreateNewLead -->
