<?xml version="1.0" encoding="UTF-8"?>
<!-- Generated by org.testng.reporters.JUnitReportReporter -->
<testsuite hostname="DESKTOP-R0QAPTP" failures="0" tests="1" name="com.acme.records.CreateAccount" time="0.007" errors="0" timestamp="2021-09-04T11:55:22 IST" skipped="0">
  <testcase classname="com.acme.records.CreateAccount" name="newaccount" time="0.007"/>
  <system-out/>
</testsuite> <!-- com.acme.records.CreateAccount -->
